<?xml version="1.0" encoding="UTF-8"?>
<QCARConfig xmlns:xsi="http://www.w3.org/2001/XMLSchema-instance" xsi:noNamespaceSchemaLocation="qcar_config.xsd">
  <Tracking>
    <ImageTarget name="fd9bc5a9-0f8b-4163-adce-53d1eed3d531" size="800.000000 603.100769" />
    <ImageTarget name="example_5-star_grayscale" size="800.000000 560.000000" />
  </Tracking>
</QCARConfig>
